[22:49:31] [main/INFO]: Environment: authHost='https://authserver.mojang.com', accountsHost='https://api.mojang.com', sessionHost='https://sessionserver.mojang.com', servicesHost='https://api.minecraftservices.com', name='PROD'
[22:49:32] [main/WARN]: Ambiguity between arguments [teleport, destination] and [teleport, targets] with inputs: [Player, 0123, @e, dd12be42-52a9-4a91-a8a1-11c01849e498]
[22:49:32] [main/WARN]: Ambiguity between arguments [teleport, location] and [teleport, destination] with inputs: [0.1 -0.5 .9, 0 0 0]
[22:49:32] [main/WARN]: Ambiguity between arguments [teleport, location] and [teleport, targets] with inputs: [0.1 -0.5 .9, 0 0 0]
[22:49:32] [main/WARN]: Ambiguity between arguments [teleport, targets] and [teleport, destination] with inputs: [Player, 0123, dd12be42-52a9-4a91-a8a1-11c01849e498]
[22:49:32] [main/WARN]: Ambiguity between arguments [teleport, targets, location] and [teleport, targets, destination] with inputs: [0.1 -0.5 .9, 0 0 0]
[22:49:32] [main/INFO]: Reloading ResourceManager: Default, OnePlayerSleepV42, derectridentcrafting-e840
[22:49:34] [Worker-Main-13/INFO]: Loaded 7 recipes
[22:49:35] [Worker-Main-13/INFO]: Loaded 927 advancements
[22:49:39] [Server thread/INFO]: Starting minecraft server version 1.16.4
[22:49:39] [Server thread/INFO]: Loading properties
[22:49:39] [Server thread/INFO]: Default game type: SURVIVAL
[22:49:39] [Server thread/INFO]: Generating keypair
[22:49:39] [Server thread/INFO]: Starting Minecraft server on *:25565
[22:49:39] [Server thread/INFO]: Using default channel type
[22:49:39] [Server thread/INFO]: Preparing level "world"
[22:49:40] [Server thread/INFO]: Preparing start region for dimension minecraft:overworld
[22:49:42] [Server thread/INFO]: Preparing spawn area: 0%
[22:49:42] [Server thread/INFO]: Preparing spawn area: 0%
[22:49:42] [Server thread/INFO]: Preparing spawn area: 0%
[22:49:42] [Server thread/INFO]: Preparing spawn area: 0%
[22:49:42] [Server thread/INFO]: Preparing spawn area: 0%
[22:49:42] [Server thread/INFO]: Preparing spawn area: 0%
[22:49:43] [Server thread/INFO]: Preparing spawn area: 57%
[22:49:52] [User Authenticator #1/INFO]: UUID of player uM00 is ee59ea24-3491-41cf-bde6-7cf4cce588ae
[22:49:57] [Server thread/INFO]: Time elapsed: 17634 ms
[22:49:57] [Server thread/INFO]: Done (17.910s)! For help, type "help"
[22:49:58] [Server thread/INFO]: uM00[/0:0:0:0:0:0:0:1:62904] logged in with entity id 121 at (-587.152862512813, 62.07326475306424, 783.3198910260885)
[22:49:58] [Server thread/INFO]: uM00 joined the game
[22:50:03] [Server thread/WARN]: Can't keep up! Is the server overloaded? Running 2064ms or 41 ticks behind
[22:50:27] [Server thread/WARN]: Can't keep up! Is the server overloaded? Running 8876ms or 177 ticks behind
[22:51:02] [User Authenticator #2/INFO]: UUID of player DarkestTraitor is 50ff0275-7f76-4e62-963c-7c3aa5dcb70d
[22:51:02] [Server thread/INFO]: DarkestTraitor[/0:0:0:0:0:0:0:1:62920] logged in with entity id 347 at (236.33405638619521, 48.03264306031433, -2.285042524399216)
[22:51:02] [Server thread/INFO]: DarkestTraitor joined the game
[22:51:14] [Server thread/INFO]: Scanning for legacy world dragon fight...
[22:51:14] [Server thread/INFO]: Found that the dragon has been killed in this world already.
[22:55:11] [Server thread/WARN]: Boat (vehicle of uM00) moved too quickly! 9.147623616547094,0.0,-4.947248493417874
[22:55:11] [Server thread/WARN]: Boat (vehicle of uM00) moved too quickly! 9.499508841842953,0.0,-5.137446289371837
[22:55:11] [Server thread/WARN]: Can't keep up! Is the server overloaded? Running 2466ms or 49 ticks behind
[22:55:11] [Server thread/WARN]: Boat (vehicle of uM00) moved too quickly! 8.84259815867,0.0,-5.441070229830757
[22:55:11] [Server thread/WARN]: Boat (vehicle of uM00) moved too quickly! 9.16736228672164,0.0,-5.673836484612082
[22:55:11] [Server thread/WARN]: Boat (vehicle of uM00) moved too quickly! 9.491334255040499,0.0,-5.907741418837986
[22:56:09] [User Authenticator #3/INFO]: UUID of player DarkestTraitor is 50ff0275-7f76-4e62-963c-7c3aa5dcb70d
[22:56:31] [Server Watchdog/FATAL]: A single server tick took 60.13 seconds (should be max 0.05)
[22:56:31] [Server Watchdog/FATAL]: Considering it to be crashed, server will forcibly shutdown.
[22:56:31] [Server Watchdog/ERROR]: This crash report has been saved to: /Users/kenjiwang/EpicSMP/./crash-reports/crash-2021-05-07_22.56.31-server.txt
